{"C:\\Users\\GatienB\\Documents\\BinaryTalk_2024\\binarytalk-native\\Binary-Talk\\App.js": {"path":"C:\\Users\\GatienB\\Documents\\BinaryTalk_2024\\binarytalk-native\\Binary-Talk\\App.js","statementMap":{"0":{"start":{"line":21,"column":2},"end":{"line":25,"column":4}},"1":{"start":{"line":28,"column":15},"end":{"line":30,"column":2}}},"fnMap":{"0":{"name":"App","decl":{"start":{"line":20,"column":24},"end":{"line":20,"column":27}},"loc":{"start":{"line":20,"column":30},"end":{"line":26,"column":1}},"line":20}},"branchMap":{},"s":{"0":0,"1":0},"f":{"0":0},"b":{}}
,"C:\\Users\\GatienB\\Documents\\BinaryTalk_2024\\binarytalk-native\\Binary-Talk\\src\\EntryPoint.js": {"path":"C:\\Users\\GatienB\\Documents\\BinaryTalk_2024\\binarytalk-native\\Binary-Talk\\src\\EntryPoint.js","statementMap":{"0":{"start":{"line":22,"column":13},"end":{"line":25,"column":2}},"1":{"start":{"line":28,"column":0},"end":{"line":28,"column":43}},"2":{"start":{"line":30,"column":19},"end":{"line":55,"column":1}},"3":{"start":{"line":32,"column":28},"end":{"line":32,"column":47}},"4":{"start":{"line":34,"column":20},"end":{"line":38,"column":3}},"5":{"start":{"line":41,"column":2},"end":{"line":43,"column":9}},"6":{"start":{"line":42,"column":4},"end":{"line":42,"column":68}},"7":{"start":{"line":46,"column":2},"end":{"line":48,"column":14}},"8":{"start":{"line":47,"column":4},"end":{"line":47,"column":69}},"9":{"start":{"line":50,"column":2},"end":{"line":54,"column":4}},"10":{"start":{"line":59,"column":15},"end":{"line":59,"column":36}}},"fnMap":{"0":{"name":"(anonymous_0)","decl":{"start":{"line":30,"column":19},"end":{"line":30,"column":20}},"loc":{"start":{"line":30,"column":25},"end":{"line":55,"column":1}},"line":30},"1":{"name":"(anonymous_1)","decl":{"start":{"line":41,"column":12},"end":{"line":41,"column":13}},"loc":{"start":{"line":41,"column":18},"end":{"line":43,"column":3}},"line":41},"2":{"name":"(anonymous_2)","decl":{"start":{"line":46,"column":12},"end":{"line":46,"column":13}},"loc":{"start":{"line":46,"column":18},"end":{"line":48,"column":3}},"line":46}},"branchMap":{},"s":{"0":0,"1":0,"2":0,"3":0,"4":0,"5":0,"6":0,"7":0,"8":0,"9":0,"10":0},"f":{"0":0,"1":0,"2":0},"b":{}}
,"C:\\Users\\GatienB\\Documents\\BinaryTalk_2024\\binarytalk-native\\Binary-Talk\\src\\api\\conversion.js": {"path":"C:\\Users\\GatienB\\Documents\\BinaryTalk_2024\\binarytalk-native\\Binary-Talk\\src\\api\\conversion.js","statementMap":{"0":{"start":{"line":5,"column":26},"end":{"line":19,"column":1}},"1":{"start":{"line":6,"column":2},"end":{"line":6,"column":38}},"2":{"start":{"line":8,"column":8},"end":{"line":8,"column":9}},"3":{"start":{"line":9,"column":8},"end":{"line":9,"column":16}},"4":{"start":{"line":10,"column":10},"end":{"line":10,"column":12}},"5":{"start":{"line":11,"column":2},"end":{"line":17,"column":3}},"6":{"start":{"line":12,"column":4},"end":{"line":12,"column":38}},"7":{"start":{"line":13,"column":4},"end":{"line":15,"column":5}},"8":{"start":{"line":14,"column":6},"end":{"line":14,"column":22}},"9":{"start":{"line":16,"column":4},"end":{"line":16,"column":15}},"10":{"start":{"line":18,"column":2},"end":{"line":18,"column":13}},"11":{"start":{"line":21,"column":28},"end":{"line":35,"column":1}},"12":{"start":{"line":22,"column":10},"end":{"line":22,"column":11}},"13":{"start":{"line":23,"column":8},"end":{"line":23,"column":16}},"14":{"start":{"line":25,"column":10},"end":{"line":25,"column":12}},"15":{"start":{"line":26,"column":2},"end":{"line":29,"column":3}},"16":{"start":{"line":27,"column":4},"end":{"line":27,"column":51}},"17":{"start":{"line":28,"column":4},"end":{"line":28,"column":57}},"18":{"start":{"line":30,"column":2},"end":{"line":34,"column":3}},"19":{"start":{"line":31,"column":4},"end":{"line":31,"column":35}},"20":{"start":{"line":33,"column":4},"end":{"line":33,"column":26}}},"fnMap":{"0":{"name":"(anonymous_0)","decl":{"start":{"line":5,"column":26},"end":{"line":5,"column":27}},"loc":{"start":{"line":5,"column":33},"end":{"line":19,"column":1}},"line":5},"1":{"name":"(anonymous_1)","decl":{"start":{"line":21,"column":28},"end":{"line":21,"column":29}},"loc":{"start":{"line":21,"column":35},"end":{"line":35,"column":1}},"line":21}},"branchMap":{"0":{"loc":{"start":{"line":28,"column":18},"end":{"line":28,"column":55}},"type":"cond-expr","locations":[{"start":{"line":28,"column":40},"end":{"line":28,"column":43}},{"start":{"line":28,"column":46},"end":{"line":28,"column":55}}],"line":28}},"s":{"0":0,"1":0,"2":0,"3":0,"4":0,"5":0,"6":0,"7":0,"8":0,"9":0,"10":0,"11":0,"12":0,"13":0,"14":0,"15":0,"16":0,"17":0,"18":0,"19":0,"20":0},"f":{"0":0,"1":0},"b":{"0":[0,0]}}
,"C:\\Users\\GatienB\\Documents\\BinaryTalk_2024\\binarytalk-native\\Binary-Talk\\src\\api\\functions.js": {"path":"C:\\Users\\GatienB\\Documents\\BinaryTalk_2024\\binarytalk-native\\Binary-Talk\\src\\api\\functions.js","statementMap":{"0":{"start":{"line":4,"column":23},"end":{"line":26,"column":1}},"1":{"start":{"line":5,"column":2},"end":{"line":25,"column":3}},"2":{"start":{"line":6,"column":19},"end":{"line":13,"column":5}},"3":{"start":{"line":14,"column":4},"end":{"line":22,"column":5}},"4":{"start":{"line":15,"column":6},"end":{"line":19,"column":7}},"5":{"start":{"line":20,"column":11},"end":{"line":22,"column":5}},"6":{"start":{"line":24,"column":4},"end":{"line":24,"column":25}}},"fnMap":{"0":{"name":"(anonymous_0)","decl":{"start":{"line":4,"column":23},"end":{"line":4,"column":24}},"loc":{"start":{"line":4,"column":39},"end":{"line":26,"column":1}},"line":4}},"branchMap":{"0":{"loc":{"start":{"line":14,"column":4},"end":{"line":22,"column":5}},"type":"if","locations":[{"start":{"line":14,"column":4},"end":{"line":22,"column":5}},{"start":{"line":20,"column":11},"end":{"line":22,"column":5}}],"line":14},"1":{"loc":{"start":{"line":15,"column":6},"end":{"line":19,"column":7}},"type":"if","locations":[{"start":{"line":15,"column":6},"end":{"line":19,"column":7}},{"start":{"line":17,"column":13},"end":{"line":19,"column":7}}],"line":15},"2":{"loc":{"start":{"line":20,"column":11},"end":{"line":22,"column":5}},"type":"if","locations":[{"start":{"line":20,"column":11},"end":{"line":22,"column":5}},{"start":{},"end":{}}],"line":20}},"s":{"0":0,"1":0,"2":0,"3":0,"4":0,"5":0,"6":0},"f":{"0":0},"b":{"0":[0,0],"1":[0,0],"2":[0,0]}}
,"C:\\Users\\GatienB\\Documents\\BinaryTalk_2024\\binarytalk-native\\Binary-Talk\\src\\components\\ThemeList.js": {"path":"C:\\Users\\GatienB\\Documents\\BinaryTalk_2024\\binarytalk-native\\Binary-Talk\\src\\components\\ThemeList.js","statementMap":{"0":{"start":{"line":6,"column":18},"end":{"line":72,"column":1}},"1":{"start":{"line":9,"column":28},"end":{"line":9,"column":47}},"2":{"start":{"line":10,"column":37},"end":{"line":10,"column":68}},"3":{"start":{"line":12,"column":2},"end":{"line":16,"column":9}},"4":{"start":{"line":13,"column":16},"end":{"line":13,"column":31}},"5":{"start":{"line":15,"column":4},"end":{"line":15,"column":30}},"6":{"start":{"line":18,"column":23},"end":{"line":30,"column":3}},"7":{"start":{"line":19,"column":16},"end":{"line":19,"column":31}},"8":{"start":{"line":20,"column":19},"end":{"line":20,"column":21}},"9":{"start":{"line":21,"column":4},"end":{"line":24,"column":7}},"10":{"start":{"line":22,"column":6},"end":{"line":22,"column":22}},"11":{"start":{"line":23,"column":6},"end":{"line":23,"column":29}},"12":{"start":{"line":26,"column":4},"end":{"line":26,"column":23}},"13":{"start":{"line":28,"column":4},"end":{"line":28,"column":27}},"14":{"start":{"line":29,"column":4},"end":{"line":29,"column":13}},"15":{"start":{"line":32,"column":2},"end":{"line":71,"column":4}},"16":{"start":{"line":37,"column":31},"end":{"line":37,"column":65}},"17":{"start":{"line":50,"column":31},"end":{"line":50,"column":65}},"18":{"start":{"line":62,"column":31},"end":{"line":62,"column":65}},"19":{"start":{"line":76,"column":15},"end":{"line":89,"column":2}}},"fnMap":{"0":{"name":"(anonymous_0)","decl":{"start":{"line":6,"column":18},"end":{"line":6,"column":19}},"loc":{"start":{"line":6,"column":29},"end":{"line":72,"column":1}},"line":6},"1":{"name":"(anonymous_1)","decl":{"start":{"line":12,"column":12},"end":{"line":12,"column":13}},"loc":{"start":{"line":12,"column":18},"end":{"line":16,"column":3}},"line":12},"2":{"name":"(anonymous_2)","decl":{"start":{"line":18,"column":23},"end":{"line":18,"column":24}},"loc":{"start":{"line":18,"column":30},"end":{"line":30,"column":3}},"line":18},"3":{"name":"(anonymous_3)","decl":{"start":{"line":21,"column":18},"end":{"line":21,"column":19}},"loc":{"start":{"line":21,"column":31},"end":{"line":24,"column":5}},"line":21},"4":{"name":"(anonymous_4)","decl":{"start":{"line":37,"column":25},"end":{"line":37,"column":26}},"loc":{"start":{"line":37,"column":31},"end":{"line":37,"column":65}},"line":37},"5":{"name":"(anonymous_5)","decl":{"start":{"line":50,"column":25},"end":{"line":50,"column":26}},"loc":{"start":{"line":50,"column":31},"end":{"line":50,"column":65}},"line":50},"6":{"name":"(anonymous_6)","decl":{"start":{"line":62,"column":25},"end":{"line":62,"column":26}},"loc":{"start":{"line":62,"column":31},"end":{"line":62,"column":65}},"line":62}},"branchMap":{"0":{"loc":{"start":{"line":41,"column":17},"end":{"line":41,"column":76}},"type":"cond-expr","locations":[{"start":{"line":41,"column":33},"end":{"line":41,"column":55}},{"start":{"line":41,"column":58},"end":{"line":41,"column":76}}],"line":41},"1":{"loc":{"start":{"line":53,"column":17},"end":{"line":53,"column":76}},"type":"cond-expr","locations":[{"start":{"line":53,"column":33},"end":{"line":53,"column":55}},{"start":{"line":53,"column":58},"end":{"line":53,"column":76}}],"line":53},"2":{"loc":{"start":{"line":65,"column":17},"end":{"line":65,"column":76}},"type":"cond-expr","locations":[{"start":{"line":65,"column":33},"end":{"line":65,"column":55}},{"start":{"line":65,"column":58},"end":{"line":65,"column":76}}],"line":65}},"s":{"0":0,"1":0,"2":0,"3":0,"4":0,"5":0,"6":0,"7":0,"8":0,"9":0,"10":0,"11":0,"12":0,"13":0,"14":0,"15":0,"16":0,"17":0,"18":0,"19":0},"f":{"0":0,"1":0,"2":0,"3":0,"4":0,"5":0,"6":0},"b":{"0":[0,0],"1":[0,0],"2":[0,0]}}
,"C:\\Users\\GatienB\\Documents\\BinaryTalk_2024\\binarytalk-native\\Binary-Talk\\src\\components\\_shared\\_CustomModal.js": {"path":"C:\\Users\\GatienB\\Documents\\BinaryTalk_2024\\binarytalk-native\\Binary-Talk\\src\\components\\_shared\\_CustomModal.js","statementMap":{"0":{"start":{"line":3,"column":21},"end":{"line":14,"column":1}},"1":{"start":{"line":4,"column":1},"end":{"line":4,"column":44}},"2":{"start":{"line":5,"column":1},"end":{"line":13,"column":3}},"3":{"start":{"line":18,"column":15},"end":{"line":54,"column":2}}},"fnMap":{"0":{"name":"(anonymous_0)","decl":{"start":{"line":3,"column":21},"end":{"line":3,"column":22}},"loc":{"start":{"line":3,"column":32},"end":{"line":14,"column":1}},"line":3}},"branchMap":{},"s":{"0":0,"1":0,"2":0,"3":0},"f":{"0":0},"b":{}}
,"C:\\Users\\GatienB\\Documents\\BinaryTalk_2024\\binarytalk-native\\Binary-Talk\\src\\components\\_shared\\customtextInput.js": {"path":"C:\\Users\\GatienB\\Documents\\BinaryTalk_2024\\binarytalk-native\\Binary-Talk\\src\\components\\_shared\\customtextInput.js","statementMap":{"0":{"start":{"line":4,"column":24},"end":{"line":22,"column":1}},"1":{"start":{"line":5,"column":1},"end":{"line":21,"column":3}},"2":{"start":{"line":26,"column":15},"end":{"line":26,"column":36}}},"fnMap":{"0":{"name":"(anonymous_0)","decl":{"start":{"line":4,"column":24},"end":{"line":4,"column":25}},"loc":{"start":{"line":4,"column":30},"end":{"line":22,"column":1}},"line":4}},"branchMap":{"0":{"loc":{"start":{"line":12,"column":4},"end":{"line":19,"column":11}},"type":"cond-expr","locations":[{"start":{"line":13,"column":4},"end":{"line":18,"column":6}},{"start":{"line":19,"column":7},"end":{"line":19,"column":11}}],"line":12}},"s":{"0":0,"1":0,"2":0},"f":{"0":0},"b":{"0":[0,0]}}
,"C:\\Users\\GatienB\\Documents\\BinaryTalk_2024\\binarytalk-native\\Binary-Talk\\src\\components\\toBinaryView\\index.js": {"path":"C:\\Users\\GatienB\\Documents\\BinaryTalk_2024\\binarytalk-native\\Binary-Talk\\src\\components\\toBinaryView\\index.js","statementMap":{"0":{"start":{"line":23,"column":21},"end":{"line":121,"column":1}},"1":{"start":{"line":24,"column":23},"end":{"line":28,"column":3}},"2":{"start":{"line":29,"column":15},"end":{"line":29,"column":37}},"3":{"start":{"line":31,"column":2},"end":{"line":31,"column":53}},"4":{"start":{"line":33,"column":2},"end":{"line":33,"column":24}},"5":{"start":{"line":35,"column":2},"end":{"line":35,"column":49}},"6":{"start":{"line":36,"column":32},"end":{"line":36,"column":53}},"7":{"start":{"line":38,"column":35},"end":{"line":38,"column":47}},"8":{"start":{"line":40,"column":26},"end":{"line":46,"column":3}},"9":{"start":{"line":41,"column":4},"end":{"line":45,"column":5}},"10":{"start":{"line":42,"column":6},"end":{"line":42,"column":31}},"11":{"start":{"line":44,"column":6},"end":{"line":44,"column":70}},"12":{"start":{"line":48,"column":26},"end":{"line":51,"column":3}},"13":{"start":{"line":49,"column":17},"end":{"line":49,"column":49}},"14":{"start":{"line":50,"column":4},"end":{"line":50,"column":23}},"15":{"start":{"line":53,"column":2},"end":{"line":55,"column":5}},"16":{"start":{"line":54,"column":4},"end":{"line":54,"column":38}},"17":{"start":{"line":57,"column":20},"end":{"line":60,"column":3}},"18":{"start":{"line":58,"column":4},"end":{"line":58,"column":21}},"19":{"start":{"line":59,"column":4},"end":{"line":59,"column":23}},"20":{"start":{"line":62,"column":2},"end":{"line":120,"column":4}},"21":{"start":{"line":92,"column":25},"end":{"line":92,"column":48}},"22":{"start":{"line":114,"column":25},"end":{"line":114,"column":40}},"23":{"start":{"line":123,"column":15},"end":{"line":195,"column":2}}},"fnMap":{"0":{"name":"(anonymous_0)","decl":{"start":{"line":23,"column":21},"end":{"line":23,"column":22}},"loc":{"start":{"line":23,"column":27},"end":{"line":121,"column":1}},"line":23},"1":{"name":"(anonymous_1)","decl":{"start":{"line":40,"column":26},"end":{"line":40,"column":27}},"loc":{"start":{"line":40,"column":35},"end":{"line":46,"column":3}},"line":40},"2":{"name":"(anonymous_2)","decl":{"start":{"line":48,"column":26},"end":{"line":48,"column":27}},"loc":{"start":{"line":48,"column":38},"end":{"line":51,"column":3}},"line":48},"3":{"name":"(anonymous_3)","decl":{"start":{"line":53,"column":12},"end":{"line":53,"column":13}},"loc":{"start":{"line":53,"column":18},"end":{"line":55,"column":3}},"line":53},"4":{"name":"(anonymous_4)","decl":{"start":{"line":57,"column":20},"end":{"line":57,"column":21}},"loc":{"start":{"line":57,"column":26},"end":{"line":60,"column":3}},"line":57},"5":{"name":"(anonymous_5)","decl":{"start":{"line":92,"column":19},"end":{"line":92,"column":20}},"loc":{"start":{"line":92,"column":25},"end":{"line":92,"column":48}},"line":92},"6":{"name":"(anonymous_6)","decl":{"start":{"line":114,"column":19},"end":{"line":114,"column":20}},"loc":{"start":{"line":114,"column":25},"end":{"line":114,"column":40}},"line":114}},"branchMap":{"0":{"loc":{"start":{"line":31,"column":16},"end":{"line":31,"column":52}},"type":"binary-expr","locations":[{"start":{"line":31,"column":16},"end":{"line":31,"column":44}},{"start":{"line":31,"column":48},"end":{"line":31,"column":52}}],"line":31},"1":{"loc":{"start":{"line":41,"column":4},"end":{"line":45,"column":5}},"type":"if","locations":[{"start":{"line":41,"column":4},"end":{"line":45,"column":5}},{"start":{"line":43,"column":11},"end":{"line":45,"column":5}}],"line":41},"2":{"loc":{"start":{"line":71,"column":11},"end":{"line":78,"column":18}},"type":"cond-expr","locations":[{"start":{"line":72,"column":12},"end":{"line":77,"column":14}},{"start":{"line":78,"column":14},"end":{"line":78,"column":18}}],"line":71},"3":{"loc":{"start":{"line":86,"column":20},"end":{"line":86,"column":41}},"type":"cond-expr","locations":[{"start":{"line":86,"column":29},"end":{"line":86,"column":34}},{"start":{"line":86,"column":37},"end":{"line":86,"column":41}}],"line":86},"4":{"loc":{"start":{"line":107,"column":20},"end":{"line":107,"column":41}},"type":"cond-expr","locations":[{"start":{"line":107,"column":29},"end":{"line":107,"column":34}},{"start":{"line":107,"column":37},"end":{"line":107,"column":41}}],"line":107}},"s":{"0":0,"1":0,"2":0,"3":0,"4":0,"5":0,"6":0,"7":0,"8":0,"9":0,"10":0,"11":0,"12":0,"13":0,"14":0,"15":0,"16":0,"17":0,"18":0,"19":0,"20":0,"21":0,"22":0,"23":0},"f":{"0":0,"1":0,"2":0,"3":0,"4":0,"5":0,"6":0},"b":{"0":[0,0],"1":[0,0],"2":[0,0],"3":[0,0],"4":[0,0]}}
,"C:\\Users\\GatienB\\Documents\\BinaryTalk_2024\\binarytalk-native\\Binary-Talk\\src\\components\\toTextView\\index.js": {"path":"C:\\Users\\GatienB\\Documents\\BinaryTalk_2024\\binarytalk-native\\Binary-Talk\\src\\components\\toTextView\\index.js","statementMap":{"0":{"start":{"line":23,"column":19},"end":{"line":140,"column":1}},"1":{"start":{"line":24,"column":23},"end":{"line":28,"column":3}},"2":{"start":{"line":30,"column":15},"end":{"line":30,"column":37}},"3":{"start":{"line":33,"column":2},"end":{"line":33,"column":53}},"4":{"start":{"line":35,"column":2},"end":{"line":35,"column":24}},"5":{"start":{"line":37,"column":2},"end":{"line":37,"column":49}},"6":{"start":{"line":38,"column":32},"end":{"line":38,"column":53}},"7":{"start":{"line":39,"column":29},"end":{"line":39,"column":49}},"8":{"start":{"line":41,"column":26},"end":{"line":43,"column":3}},"9":{"start":{"line":42,"column":4},"end":{"line":42,"column":29}},"10":{"start":{"line":45,"column":20},"end":{"line":51,"column":3}},"11":{"start":{"line":46,"column":18},"end":{"line":46,"column":43}},"12":{"start":{"line":47,"column":4},"end":{"line":49,"column":5}},"13":{"start":{"line":48,"column":6},"end":{"line":48,"column":18}},"14":{"start":{"line":50,"column":4},"end":{"line":50,"column":17}},"15":{"start":{"line":53,"column":28},"end":{"line":59,"column":3}},"16":{"start":{"line":54,"column":4},"end":{"line":58,"column":5}},"17":{"start":{"line":55,"column":6},"end":{"line":55,"column":24}},"18":{"start":{"line":57,"column":6},"end":{"line":57,"column":76}},"19":{"start":{"line":61,"column":26},"end":{"line":68,"column":3}},"20":{"start":{"line":62,"column":17},"end":{"line":62,"column":49}},"21":{"start":{"line":63,"column":4},"end":{"line":67,"column":5}},"22":{"start":{"line":64,"column":6},"end":{"line":64,"column":25}},"23":{"start":{"line":66,"column":6},"end":{"line":66,"column":76}},"24":{"start":{"line":70,"column":2},"end":{"line":72,"column":5}},"25":{"start":{"line":71,"column":4},"end":{"line":71,"column":37}},"26":{"start":{"line":74,"column":20},"end":{"line":77,"column":3}},"27":{"start":{"line":75,"column":4},"end":{"line":75,"column":21}},"28":{"start":{"line":76,"column":4},"end":{"line":76,"column":20}},"29":{"start":{"line":79,"column":2},"end":{"line":139,"column":4}},"30":{"start":{"line":112,"column":25},"end":{"line":112,"column":45}},"31":{"start":{"line":133,"column":25},"end":{"line":133,"column":37}},"32":{"start":{"line":142,"column":15},"end":{"line":194,"column":2}}},"fnMap":{"0":{"name":"(anonymous_0)","decl":{"start":{"line":23,"column":19},"end":{"line":23,"column":20}},"loc":{"start":{"line":23,"column":25},"end":{"line":140,"column":1}},"line":23},"1":{"name":"(anonymous_1)","decl":{"start":{"line":41,"column":26},"end":{"line":41,"column":27}},"loc":{"start":{"line":41,"column":35},"end":{"line":43,"column":3}},"line":41},"2":{"name":"(anonymous_2)","decl":{"start":{"line":45,"column":20},"end":{"line":45,"column":21}},"loc":{"start":{"line":45,"column":29},"end":{"line":51,"column":3}},"line":45},"3":{"name":"(anonymous_3)","decl":{"start":{"line":53,"column":28},"end":{"line":53,"column":29}},"loc":{"start":{"line":53,"column":37},"end":{"line":59,"column":3}},"line":53},"4":{"name":"(anonymous_4)","decl":{"start":{"line":61,"column":26},"end":{"line":61,"column":27}},"loc":{"start":{"line":61,"column":38},"end":{"line":68,"column":3}},"line":61},"5":{"name":"(anonymous_5)","decl":{"start":{"line":70,"column":12},"end":{"line":70,"column":13}},"loc":{"start":{"line":70,"column":18},"end":{"line":72,"column":3}},"line":70},"6":{"name":"(anonymous_6)","decl":{"start":{"line":74,"column":20},"end":{"line":74,"column":21}},"loc":{"start":{"line":74,"column":26},"end":{"line":77,"column":3}},"line":74},"7":{"name":"(anonymous_7)","decl":{"start":{"line":112,"column":19},"end":{"line":112,"column":20}},"loc":{"start":{"line":112,"column":25},"end":{"line":112,"column":45}},"line":112},"8":{"name":"(anonymous_8)","decl":{"start":{"line":133,"column":19},"end":{"line":133,"column":20}},"loc":{"start":{"line":133,"column":25},"end":{"line":133,"column":37}},"line":133}},"branchMap":{"0":{"loc":{"start":{"line":33,"column":16},"end":{"line":33,"column":52}},"type":"binary-expr","locations":[{"start":{"line":33,"column":16},"end":{"line":33,"column":44}},{"start":{"line":33,"column":48},"end":{"line":33,"column":52}}],"line":33},"1":{"loc":{"start":{"line":47,"column":4},"end":{"line":49,"column":5}},"type":"if","locations":[{"start":{"line":47,"column":4},"end":{"line":49,"column":5}},{"start":{},"end":{}}],"line":47},"2":{"loc":{"start":{"line":54,"column":4},"end":{"line":58,"column":5}},"type":"if","locations":[{"start":{"line":54,"column":4},"end":{"line":58,"column":5}},{"start":{"line":56,"column":11},"end":{"line":58,"column":5}}],"line":54},"3":{"loc":{"start":{"line":63,"column":4},"end":{"line":67,"column":5}},"type":"if","locations":[{"start":{"line":63,"column":4},"end":{"line":67,"column":5}},{"start":{"line":65,"column":11},"end":{"line":67,"column":5}}],"line":63},"4":{"loc":{"start":{"line":90,"column":11},"end":{"line":97,"column":18}},"type":"cond-expr","locations":[{"start":{"line":91,"column":12},"end":{"line":96,"column":14}},{"start":{"line":97,"column":14},"end":{"line":97,"column":18}}],"line":90},"5":{"loc":{"start":{"line":106,"column":20},"end":{"line":106,"column":38}},"type":"cond-expr","locations":[{"start":{"line":106,"column":26},"end":{"line":106,"column":31}},{"start":{"line":106,"column":34},"end":{"line":106,"column":38}}],"line":106},"6":{"loc":{"start":{"line":127,"column":20},"end":{"line":127,"column":38}},"type":"cond-expr","locations":[{"start":{"line":127,"column":26},"end":{"line":127,"column":31}},{"start":{"line":127,"column":34},"end":{"line":127,"column":38}}],"line":127}},"s":{"0":0,"1":0,"2":0,"3":0,"4":0,"5":0,"6":0,"7":0,"8":0,"9":0,"10":0,"11":0,"12":0,"13":0,"14":0,"15":0,"16":0,"17":0,"18":0,"19":0,"20":0,"21":0,"22":0,"23":0,"24":0,"25":0,"26":0,"27":0,"28":0,"29":0,"30":0,"31":0,"32":0},"f":{"0":0,"1":0,"2":0,"3":0,"4":0,"5":0,"6":0,"7":0,"8":0},"b":{"0":[0,0],"1":[0,0],"2":[0,0],"3":[0,0],"4":[0,0],"5":[0,0],"6":[0,0]}}
,"C:\\Users\\GatienB\\Documents\\BinaryTalk_2024\\binarytalk-native\\Binary-Talk\\src\\navigation\\CustomDrawerContent.js": {"path":"C:\\Users\\GatienB\\Documents\\BinaryTalk_2024\\binarytalk-native\\Binary-Talk\\src\\navigation\\CustomDrawerContent.js","statementMap":{"0":{"start":{"line":27,"column":23},"end":{"line":27,"column":36}},"1":{"start":{"line":28,"column":24},"end":{"line":28,"column":47}},"2":{"start":{"line":30,"column":28},"end":{"line":145,"column":1}},"3":{"start":{"line":31,"column":23},"end":{"line":35,"column":3}},"4":{"start":{"line":36,"column":15},"end":{"line":36,"column":37}},"5":{"start":{"line":39,"column":2},"end":{"line":39,"column":53}},"6":{"start":{"line":41,"column":2},"end":{"line":41,"column":24}},"7":{"start":{"line":42,"column":42},"end":{"line":42,"column":57}},"8":{"start":{"line":43,"column":56},"end":{"line":43,"column":71}},"9":{"start":{"line":45,"column":34},"end":{"line":45,"column":49}},"10":{"start":{"line":47,"column":36},"end":{"line":47,"column":47}},"11":{"start":{"line":50,"column":4},"end":{"line":50,"column":49}},"12":{"start":{"line":52,"column":28},"end":{"line":52,"column":47}},"13":{"start":{"line":57,"column":4},"end":{"line":57,"column":20}},"14":{"start":{"line":61,"column":2},"end":{"line":64,"column":18}},"15":{"start":{"line":62,"column":18},"end":{"line":62,"column":27}},"16":{"start":{"line":63,"column":4},"end":{"line":63,"column":48}},"17":{"start":{"line":66,"column":22},"end":{"line":79,"column":3}},"18":{"start":{"line":67,"column":4},"end":{"line":78,"column":6}},"19":{"start":{"line":73,"column":25},"end":{"line":73,"column":59}},"20":{"start":{"line":81,"column":22},"end":{"line":100,"column":3}},"21":{"start":{"line":82,"column":4},"end":{"line":99,"column":6}},"22":{"start":{"line":94,"column":25},"end":{"line":94,"column":52}},"23":{"start":{"line":103,"column":4},"end":{"line":103,"column":35}},"24":{"start":{"line":106,"column":2},"end":{"line":144,"column":4}},"25":{"start":{"line":117,"column":25},"end":{"line":117,"column":46}},"26":{"start":{"line":125,"column":25},"end":{"line":125,"column":61}},"27":{"start":{"line":133,"column":25},"end":{"line":133,"column":53}},"28":{"start":{"line":147,"column":15},"end":{"line":211,"column":2}}},"fnMap":{"0":{"name":"(anonymous_0)","decl":{"start":{"line":30,"column":28},"end":{"line":30,"column":29}},"loc":{"start":{"line":30,"column":39},"end":{"line":145,"column":1}},"line":30},"1":{"name":"handleChangeTheme","decl":{"start":{"line":49,"column":11},"end":{"line":49,"column":28}},"loc":{"start":{"line":49,"column":31},"end":{"line":51,"column":3}},"line":49},"2":{"name":"changeTheme","decl":{"start":{"line":56,"column":11},"end":{"line":56,"column":22}},"loc":{"start":{"line":56,"column":26},"end":{"line":58,"column":3}},"line":56},"3":{"name":"(anonymous_3)","decl":{"start":{"line":61,"column":12},"end":{"line":61,"column":13}},"loc":{"start":{"line":61,"column":18},"end":{"line":64,"column":3}},"line":61},"4":{"name":"(anonymous_4)","decl":{"start":{"line":66,"column":22},"end":{"line":66,"column":23}},"loc":{"start":{"line":66,"column":44},"end":{"line":79,"column":3}},"line":66},"5":{"name":"(anonymous_5)","decl":{"start":{"line":73,"column":19},"end":{"line":73,"column":20}},"loc":{"start":{"line":73,"column":25},"end":{"line":73,"column":59}},"line":73},"6":{"name":"(anonymous_6)","decl":{"start":{"line":81,"column":22},"end":{"line":81,"column":23}},"loc":{"start":{"line":81,"column":44},"end":{"line":100,"column":3}},"line":81},"7":{"name":"(anonymous_7)","decl":{"start":{"line":94,"column":19},"end":{"line":94,"column":20}},"loc":{"start":{"line":94,"column":25},"end":{"line":94,"column":52}},"line":94},"8":{"name":"handleChange","decl":{"start":{"line":102,"column":11},"end":{"line":102,"column":23}},"loc":{"start":{"line":102,"column":26},"end":{"line":104,"column":3}},"line":102},"9":{"name":"(anonymous_9)","decl":{"start":{"line":117,"column":19},"end":{"line":117,"column":20}},"loc":{"start":{"line":117,"column":25},"end":{"line":117,"column":46}},"line":117},"10":{"name":"(anonymous_10)","decl":{"start":{"line":125,"column":19},"end":{"line":125,"column":20}},"loc":{"start":{"line":125,"column":25},"end":{"line":125,"column":61}},"line":125},"11":{"name":"(anonymous_11)","decl":{"start":{"line":133,"column":19},"end":{"line":133,"column":20}},"loc":{"start":{"line":133,"column":25},"end":{"line":133,"column":53}},"line":133}},"branchMap":{"0":{"loc":{"start":{"line":39,"column":16},"end":{"line":39,"column":52}},"type":"binary-expr","locations":[{"start":{"line":39,"column":16},"end":{"line":39,"column":44}},{"start":{"line":39,"column":48},"end":{"line":39,"column":52}}],"line":39}},"s":{"0":0,"1":0,"2":0,"3":0,"4":0,"5":0,"6":0,"7":0,"8":0,"9":0,"10":0,"11":0,"12":0,"13":0,"14":0,"15":0,"16":0,"17":0,"18":0,"19":0,"20":0,"21":0,"22":0,"23":0,"24":0,"25":0,"26":0,"27":0,"28":0},"f":{"0":0,"1":0,"2":0,"3":0,"4":0,"5":0,"6":0,"7":0,"8":0,"9":0,"10":0,"11":0},"b":{"0":[0,0]}}
,"C:\\Users\\GatienB\\Documents\\BinaryTalk_2024\\binarytalk-native\\Binary-Talk\\src\\navigation\\CustomTabNavigation.js": {"path":"C:\\Users\\GatienB\\Documents\\BinaryTalk_2024\\binarytalk-native\\Binary-Talk\\src\\navigation\\CustomTabNavigation.js","statementMap":{"0":{"start":{"line":11,"column":12},"end":{"line":11,"column":43}},"1":{"start":{"line":13,"column":35},"end":{"line":46,"column":1}},"2":{"start":{"line":14,"column":23},"end":{"line":18,"column":3}},"3":{"start":{"line":19,"column":15},"end":{"line":19,"column":37}},"4":{"start":{"line":22,"column":2},"end":{"line":22,"column":53}},"5":{"start":{"line":24,"column":2},"end":{"line":24,"column":24}},"6":{"start":{"line":26,"column":2},"end":{"line":45,"column":4}},"7":{"start":{"line":48,"column":15},"end":{"line":52,"column":2}}},"fnMap":{"0":{"name":"(anonymous_0)","decl":{"start":{"line":13,"column":35},"end":{"line":13,"column":36}},"loc":{"start":{"line":13,"column":46},"end":{"line":46,"column":1}},"line":13}},"branchMap":{"0":{"loc":{"start":{"line":22,"column":16},"end":{"line":22,"column":52}},"type":"binary-expr","locations":[{"start":{"line":22,"column":16},"end":{"line":22,"column":44}},{"start":{"line":22,"column":48},"end":{"line":22,"column":52}}],"line":22}},"s":{"0":0,"1":0,"2":0,"3":0,"4":0,"5":0,"6":0,"7":0},"f":{"0":0},"b":{"0":[0,0]}}
,"C:\\Users\\GatienB\\Documents\\BinaryTalk_2024\\binarytalk-native\\Binary-Talk\\src\\navigation\\DrawerNavigator.js": {"path":"C:\\Users\\GatienB\\Documents\\BinaryTalk_2024\\binarytalk-native\\Binary-Talk\\src\\navigation\\DrawerNavigator.js","statementMap":{"0":{"start":{"line":5,"column":15},"end":{"line":5,"column":38}},"1":{"start":{"line":9,"column":24},"end":{"line":33,"column":1}},"2":{"start":{"line":10,"column":2},"end":{"line":32,"column":4}},"3":{"start":{"line":28,"column":32},"end":{"line":28,"column":66}}},"fnMap":{"0":{"name":"(anonymous_0)","decl":{"start":{"line":9,"column":24},"end":{"line":9,"column":25}},"loc":{"start":{"line":9,"column":30},"end":{"line":33,"column":1}},"line":9},"1":{"name":"(anonymous_1)","decl":{"start":{"line":28,"column":21},"end":{"line":28,"column":22}},"loc":{"start":{"line":28,"column":32},"end":{"line":28,"column":66}},"line":28}},"branchMap":{},"s":{"0":0,"1":0,"2":0,"3":0},"f":{"0":0,"1":0},"b":{}}
,"C:\\Users\\GatienB\\Documents\\BinaryTalk_2024\\binarytalk-native\\Binary-Talk\\src\\navigation\\MainStackNavigator.js": {"path":"C:\\Users\\GatienB\\Documents\\BinaryTalk_2024\\binarytalk-native\\Binary-Talk\\src\\navigation\\MainStackNavigator.js","statementMap":{"0":{"start":{"line":10,"column":14},"end":{"line":10,"column":36}},"1":{"start":{"line":13,"column":2},"end":{"line":22,"column":4}},"2":{"start":{"line":16,"column":23},"end":{"line":16,"column":70}},"3":{"start":{"line":25,"column":27},"end":{"line":58,"column":1}},"4":{"start":{"line":26,"column":2},"end":{"line":57,"column":4}},"5":{"start":{"line":60,"column":15},"end":{"line":79,"column":2}}},"fnMap":{"0":{"name":"LogoTitle","decl":{"start":{"line":12,"column":9},"end":{"line":12,"column":18}},"loc":{"start":{"line":12,"column":31},"end":{"line":23,"column":1}},"line":12},"1":{"name":"(anonymous_1)","decl":{"start":{"line":16,"column":17},"end":{"line":16,"column":18}},"loc":{"start":{"line":16,"column":23},"end":{"line":16,"column":70}},"line":16},"2":{"name":"(anonymous_2)","decl":{"start":{"line":25,"column":27},"end":{"line":25,"column":28}},"loc":{"start":{"line":25,"column":54},"end":{"line":58,"column":1}},"line":25}},"branchMap":{},"s":{"0":0,"1":0,"2":0,"3":0,"4":0,"5":0},"f":{"0":0,"1":0,"2":0},"b":{}}
,"C:\\Users\\GatienB\\Documents\\BinaryTalk_2024\\binarytalk-native\\Binary-Talk\\src\\state\\reducers.js": {"path":"C:\\Users\\GatienB\\Documents\\BinaryTalk_2024\\binarytalk-native\\Binary-Talk\\src\\state\\reducers.js","statementMap":{"0":{"start":{"line":1,"column":16},"end":{"line":11,"column":1}},"1":{"start":{"line":2,"column":1},"end":{"line":10,"column":2}},"2":{"start":{"line":4,"column":3},"end":{"line":7,"column":5}},"3":{"start":{"line":9,"column":3},"end":{"line":9,"column":16}}},"fnMap":{"0":{"name":"(anonymous_0)","decl":{"start":{"line":1,"column":16},"end":{"line":1,"column":17}},"loc":{"start":{"line":1,"column":35},"end":{"line":11,"column":1}},"line":1}},"branchMap":{"0":{"loc":{"start":{"line":2,"column":1},"end":{"line":10,"column":2}},"type":"switch","locations":[{"start":{"line":3,"column":2},"end":{"line":7,"column":5}},{"start":{"line":8,"column":2},"end":{"line":9,"column":16}}],"line":2}},"s":{"0":0,"1":0,"2":0,"3":0},"f":{"0":0},"b":{"0":[0,0]}}
,"C:\\Users\\GatienB\\Documents\\BinaryTalk_2024\\binarytalk-native\\Binary-Talk\\src\\state\\store.js": {"path":"C:\\Users\\GatienB\\Documents\\BinaryTalk_2024\\binarytalk-native\\Binary-Talk\\src\\state\\store.js","statementMap":{"0":{"start":{"line":4,"column":21},"end":{"line":6,"column":1}},"1":{"start":{"line":8,"column":14},"end":{"line":14,"column":1}},"2":{"start":{"line":9,"column":27},"end":{"line":9,"column":60}},"3":{"start":{"line":11,"column":1},"end":{"line":13,"column":3}},"4":{"start":{"line":16,"column":23},"end":{"line":16,"column":50}}},"fnMap":{"0":{"name":"(anonymous_0)","decl":{"start":{"line":8,"column":14},"end":{"line":8,"column":15}},"loc":{"start":{"line":8,"column":32},"end":{"line":14,"column":1}},"line":8}},"branchMap":{},"s":{"0":0,"1":0,"2":0,"3":0,"4":0},"f":{"0":0},"b":{}}
,"C:\\Users\\GatienB\\Documents\\BinaryTalk_2024\\binarytalk-native\\Binary-Talk\\src\\theme\\themes.js": {"path":"C:\\Users\\GatienB\\Documents\\BinaryTalk_2024\\binarytalk-native\\Binary-Talk\\src\\theme\\themes.js","statementMap":{"0":{"start":{"line":16,"column":30},"end":{"line":36,"column":1}},"1":{"start":{"line":38,"column":25},"end":{"line":58,"column":1}},"2":{"start":{"line":60,"column":26},"end":{"line":80,"column":1}}},"fnMap":{},"branchMap":{},"s":{"0":0,"1":0,"2":0},"f":{},"b":{}}
}
