{"C:\\Users\\Théo\\Documents\\binarytalk-native\\Binary-Talk\\App.js": {"path":"C:\\Users\\Théo\\Documents\\binarytalk-native\\Binary-Talk\\App.js","statementMap":{"0":{"start":{"line":16,"column":0},"end":{"line":16,"column":34}},"1":{"start":{"line":18,"column":0},"end":{"line":18,"column":22}},"2":{"start":{"line":21,"column":1},"end":{"line":25,"column":3}},"3":{"start":{"line":28,"column":15},"end":{"line":30,"column":2}}},"fnMap":{"0":{"name":"App","decl":{"start":{"line":20,"column":24},"end":{"line":20,"column":27}},"loc":{"start":{"line":20,"column":30},"end":{"line":26,"column":1}},"line":20}},"branchMap":{},"s":{"0":0,"1":0,"2":0,"3":0},"f":{"0":0},"b":{}}
,"C:\\Users\\Théo\\Documents\\binarytalk-native\\Binary-Talk\\src\\EntryPoint.js": {"path":"C:\\Users\\Théo\\Documents\\binarytalk-native\\Binary-Talk\\src\\EntryPoint.js","statementMap":{"0":{"start":{"line":23,"column":0},"end":{"line":23,"column":34}},"1":{"start":{"line":25,"column":0},"end":{"line":25,"column":22}},"2":{"start":{"line":27,"column":19},"end":{"line":54,"column":1}},"3":{"start":{"line":29,"column":27},"end":{"line":29,"column":46}},"4":{"start":{"line":31,"column":19},"end":{"line":35,"column":2}},"5":{"start":{"line":38,"column":1},"end":{"line":40,"column":8}},"6":{"start":{"line":39,"column":2},"end":{"line":39,"column":66}},"7":{"start":{"line":43,"column":1},"end":{"line":45,"column":13}},"8":{"start":{"line":44,"column":2},"end":{"line":44,"column":67}},"9":{"start":{"line":47,"column":1},"end":{"line":53,"column":3}},"10":{"start":{"line":58,"column":15},"end":{"line":58,"column":36}}},"fnMap":{"0":{"name":"(anonymous_0)","decl":{"start":{"line":27,"column":19},"end":{"line":27,"column":20}},"loc":{"start":{"line":27,"column":25},"end":{"line":54,"column":1}},"line":27},"1":{"name":"(anonymous_1)","decl":{"start":{"line":38,"column":11},"end":{"line":38,"column":12}},"loc":{"start":{"line":38,"column":17},"end":{"line":40,"column":2}},"line":38},"2":{"name":"(anonymous_2)","decl":{"start":{"line":43,"column":11},"end":{"line":43,"column":12}},"loc":{"start":{"line":43,"column":17},"end":{"line":45,"column":2}},"line":43}},"branchMap":{},"s":{"0":0,"1":0,"2":0,"3":0,"4":0,"5":0,"6":0,"7":0,"8":0,"9":0,"10":0},"f":{"0":0,"1":0,"2":0},"b":{}}
,"C:\\Users\\Théo\\Documents\\binarytalk-native\\Binary-Talk\\src\\api\\conversion.js": {"path":"C:\\Users\\Théo\\Documents\\binarytalk-native\\Binary-Talk\\src\\api\\conversion.js","statementMap":{"0":{"start":{"line":5,"column":26},"end":{"line":19,"column":1}},"1":{"start":{"line":6,"column":1},"end":{"line":6,"column":37}},"2":{"start":{"line":8,"column":6},"end":{"line":8,"column":7}},"3":{"start":{"line":9,"column":6},"end":{"line":9,"column":14}},"4":{"start":{"line":10,"column":8},"end":{"line":10,"column":10}},"5":{"start":{"line":11,"column":1},"end":{"line":17,"column":2}},"6":{"start":{"line":12,"column":2},"end":{"line":12,"column":36}},"7":{"start":{"line":13,"column":2},"end":{"line":15,"column":3}},"8":{"start":{"line":14,"column":3},"end":{"line":14,"column":19}},"9":{"start":{"line":16,"column":2},"end":{"line":16,"column":13}},"10":{"start":{"line":18,"column":1},"end":{"line":18,"column":12}},"11":{"start":{"line":21,"column":28},"end":{"line":36,"column":1}},"12":{"start":{"line":22,"column":9},"end":{"line":22,"column":10}},"13":{"start":{"line":23,"column":6},"end":{"line":23,"column":14}},"14":{"start":{"line":25,"column":8},"end":{"line":25,"column":10}},"15":{"start":{"line":26,"column":1},"end":{"line":29,"column":2}},"16":{"start":{"line":27,"column":2},"end":{"line":27,"column":49}},"17":{"start":{"line":28,"column":2},"end":{"line":28,"column":55}},"18":{"start":{"line":30,"column":1},"end":{"line":35,"column":2}},"19":{"start":{"line":31,"column":2},"end":{"line":31,"column":33}},"20":{"start":{"line":34,"column":2},"end":{"line":34,"column":24}}},"fnMap":{"0":{"name":"(anonymous_0)","decl":{"start":{"line":5,"column":26},"end":{"line":5,"column":27}},"loc":{"start":{"line":5,"column":33},"end":{"line":19,"column":1}},"line":5},"1":{"name":"(anonymous_1)","decl":{"start":{"line":21,"column":28},"end":{"line":21,"column":29}},"loc":{"start":{"line":21,"column":35},"end":{"line":36,"column":1}},"line":21}},"branchMap":{"0":{"loc":{"start":{"line":28,"column":16},"end":{"line":28,"column":53}},"type":"cond-expr","locations":[{"start":{"line":28,"column":38},"end":{"line":28,"column":41}},{"start":{"line":28,"column":44},"end":{"line":28,"column":53}}],"line":28}},"s":{"0":1,"1":0,"2":0,"3":0,"4":0,"5":0,"6":0,"7":0,"8":0,"9":0,"10":0,"11":1,"12":0,"13":0,"14":0,"15":0,"16":0,"17":0,"18":0,"19":0,"20":0},"f":{"0":0,"1":0},"b":{"0":[0,0]},"_coverageSchema":"1a1c01bbd47fc00a2c39e90264f33305004495a9","hash":"a25c4ff264c682da62a7f7dd0b32ac380f21c1f9"}
,"C:\\Users\\Théo\\Documents\\binarytalk-native\\Binary-Talk\\src\\api\\functions.js": {"path":"C:\\Users\\Théo\\Documents\\binarytalk-native\\Binary-Talk\\src\\api\\functions.js","statementMap":{"0":{"start":{"line":4,"column":23},"end":{"line":26,"column":1}},"1":{"start":{"line":5,"column":1},"end":{"line":25,"column":2}},"2":{"start":{"line":6,"column":17},"end":{"line":13,"column":3}},"3":{"start":{"line":14,"column":2},"end":{"line":22,"column":3}},"4":{"start":{"line":15,"column":3},"end":{"line":19,"column":4}},"5":{"start":{"line":20,"column":9},"end":{"line":22,"column":3}},"6":{"start":{"line":24,"column":2},"end":{"line":24,"column":23}}},"fnMap":{"0":{"name":"(anonymous_0)","decl":{"start":{"line":4,"column":23},"end":{"line":4,"column":24}},"loc":{"start":{"line":4,"column":39},"end":{"line":26,"column":1}},"line":4}},"branchMap":{"0":{"loc":{"start":{"line":14,"column":2},"end":{"line":22,"column":3}},"type":"if","locations":[{"start":{"line":14,"column":2},"end":{"line":22,"column":3}},{"start":{"line":14,"column":2},"end":{"line":22,"column":3}}],"line":14},"1":{"loc":{"start":{"line":15,"column":3},"end":{"line":19,"column":4}},"type":"if","locations":[{"start":{"line":15,"column":3},"end":{"line":19,"column":4}},{"start":{"line":15,"column":3},"end":{"line":19,"column":4}}],"line":15},"2":{"loc":{"start":{"line":20,"column":9},"end":{"line":22,"column":3}},"type":"if","locations":[{"start":{"line":20,"column":9},"end":{"line":22,"column":3}},{"start":{"line":20,"column":9},"end":{"line":22,"column":3}}],"line":20}},"s":{"0":1,"1":0,"2":0,"3":0,"4":0,"5":0,"6":0},"f":{"0":0},"b":{"0":[0,0],"1":[0,0],"2":[0,0]},"_coverageSchema":"1a1c01bbd47fc00a2c39e90264f33305004495a9","hash":"f580b790f1a42929c8b32ac1adf305864678a378"}
,"C:\\Users\\Théo\\Documents\\binarytalk-native\\Binary-Talk\\src\\components\\ThemeList.js": {"path":"C:\\Users\\Théo\\Documents\\binarytalk-native\\Binary-Talk\\src\\components\\ThemeList.js","statementMap":{"0":{"start":{"line":6,"column":18},"end":{"line":76,"column":1}},"1":{"start":{"line":10,"column":27},"end":{"line":10,"column":46}},"2":{"start":{"line":11,"column":36},"end":{"line":11,"column":67}},"3":{"start":{"line":14,"column":1},"end":{"line":18,"column":8}},"4":{"start":{"line":15,"column":14},"end":{"line":15,"column":29}},"5":{"start":{"line":17,"column":2},"end":{"line":17,"column":28}},"6":{"start":{"line":20,"column":22},"end":{"line":32,"column":2}},"7":{"start":{"line":21,"column":14},"end":{"line":21,"column":29}},"8":{"start":{"line":22,"column":17},"end":{"line":22,"column":19}},"9":{"start":{"line":23,"column":2},"end":{"line":26,"column":5}},"10":{"start":{"line":24,"column":3},"end":{"line":24,"column":19}},"11":{"start":{"line":25,"column":3},"end":{"line":25,"column":26}},"12":{"start":{"line":28,"column":2},"end":{"line":28,"column":21}},"13":{"start":{"line":30,"column":2},"end":{"line":30,"column":25}},"14":{"start":{"line":31,"column":2},"end":{"line":31,"column":11}},"15":{"start":{"line":34,"column":1},"end":{"line":75,"column":3}},"16":{"start":{"line":39,"column":26},"end":{"line":39,"column":60}},"17":{"start":{"line":53,"column":26},"end":{"line":53,"column":60}},"18":{"start":{"line":66,"column":26},"end":{"line":66,"column":60}},"19":{"start":{"line":80,"column":15},"end":{"line":93,"column":2}}},"fnMap":{"0":{"name":"(anonymous_0)","decl":{"start":{"line":6,"column":18},"end":{"line":6,"column":19}},"loc":{"start":{"line":6,"column":29},"end":{"line":76,"column":1}},"line":6},"1":{"name":"(anonymous_1)","decl":{"start":{"line":14,"column":11},"end":{"line":14,"column":12}},"loc":{"start":{"line":14,"column":17},"end":{"line":18,"column":2}},"line":14},"2":{"name":"(anonymous_2)","decl":{"start":{"line":20,"column":22},"end":{"line":20,"column":23}},"loc":{"start":{"line":20,"column":29},"end":{"line":32,"column":2}},"line":20},"3":{"name":"(anonymous_3)","decl":{"start":{"line":23,"column":16},"end":{"line":23,"column":17}},"loc":{"start":{"line":23,"column":29},"end":{"line":26,"column":3}},"line":23},"4":{"name":"(anonymous_4)","decl":{"start":{"line":39,"column":20},"end":{"line":39,"column":21}},"loc":{"start":{"line":39,"column":26},"end":{"line":39,"column":60}},"line":39},"5":{"name":"(anonymous_5)","decl":{"start":{"line":53,"column":20},"end":{"line":53,"column":21}},"loc":{"start":{"line":53,"column":26},"end":{"line":53,"column":60}},"line":53},"6":{"name":"(anonymous_6)","decl":{"start":{"line":66,"column":20},"end":{"line":66,"column":21}},"loc":{"start":{"line":66,"column":26},"end":{"line":66,"column":60}},"line":66}},"branchMap":{"0":{"loc":{"start":{"line":43,"column":12},"end":{"line":43,"column":71}},"type":"cond-expr","locations":[{"start":{"line":43,"column":28},"end":{"line":43,"column":50}},{"start":{"line":43,"column":53},"end":{"line":43,"column":71}}],"line":43},"1":{"loc":{"start":{"line":56,"column":12},"end":{"line":56,"column":71}},"type":"cond-expr","locations":[{"start":{"line":56,"column":28},"end":{"line":56,"column":50}},{"start":{"line":56,"column":53},"end":{"line":56,"column":71}}],"line":56},"2":{"loc":{"start":{"line":69,"column":12},"end":{"line":69,"column":71}},"type":"cond-expr","locations":[{"start":{"line":69,"column":28},"end":{"line":69,"column":50}},{"start":{"line":69,"column":53},"end":{"line":69,"column":71}}],"line":69}},"s":{"0":0,"1":0,"2":0,"3":0,"4":0,"5":0,"6":0,"7":0,"8":0,"9":0,"10":0,"11":0,"12":0,"13":0,"14":0,"15":0,"16":0,"17":0,"18":0,"19":0},"f":{"0":0,"1":0,"2":0,"3":0,"4":0,"5":0,"6":0},"b":{"0":[0,0],"1":[0,0],"2":[0,0]}}
,"C:\\Users\\Théo\\Documents\\binarytalk-native\\Binary-Talk\\src\\components\\_shared\\_Modal.js": {"path":"C:\\Users\\Théo\\Documents\\binarytalk-native\\Binary-Talk\\src\\components\\_shared\\_Modal.js","statementMap":{},"fnMap":{},"branchMap":{},"s":{},"f":{},"b":{}}
,"C:\\Users\\Théo\\Documents\\binarytalk-native\\Binary-Talk\\src\\components\\_shared\\customtextInput.js": {"path":"C:\\Users\\Théo\\Documents\\binarytalk-native\\Binary-Talk\\src\\components\\_shared\\customtextInput.js","statementMap":{"0":{"start":{"line":4,"column":24},"end":{"line":22,"column":1}},"1":{"start":{"line":5,"column":1},"end":{"line":21,"column":3}},"2":{"start":{"line":26,"column":15},"end":{"line":26,"column":36}}},"fnMap":{"0":{"name":"(anonymous_0)","decl":{"start":{"line":4,"column":24},"end":{"line":4,"column":25}},"loc":{"start":{"line":4,"column":30},"end":{"line":22,"column":1}},"line":4}},"branchMap":{"0":{"loc":{"start":{"line":12,"column":4},"end":{"line":19,"column":11}},"type":"cond-expr","locations":[{"start":{"line":13,"column":4},"end":{"line":18,"column":6}},{"start":{"line":19,"column":7},"end":{"line":19,"column":11}}],"line":12}},"s":{"0":0,"1":0,"2":0},"f":{"0":0},"b":{"0":[0,0]}}
,"C:\\Users\\Théo\\Documents\\binarytalk-native\\Binary-Talk\\src\\components\\modal\\aboutModal.js": {"path":"C:\\Users\\Théo\\Documents\\binarytalk-native\\Binary-Talk\\src\\components\\modal\\aboutModal.js","statementMap":{},"fnMap":{},"branchMap":{},"s":{},"f":{},"b":{}}
,"C:\\Users\\Théo\\Documents\\binarytalk-native\\Binary-Talk\\src\\components\\toBinaryView\\index.js": {"path":"C:\\Users\\Théo\\Documents\\binarytalk-native\\Binary-Talk\\src\\components\\toBinaryView\\index.js","statementMap":{"0":{"start":{"line":23,"column":21},"end":{"line":119,"column":1}},"1":{"start":{"line":24,"column":1},"end":{"line":28,"column":3}},"2":{"start":{"line":30,"column":1},"end":{"line":30,"column":35}},"3":{"start":{"line":31,"column":1},"end":{"line":31,"column":23}},"4":{"start":{"line":33,"column":1},"end":{"line":33,"column":48}},"5":{"start":{"line":34,"column":31},"end":{"line":34,"column":52}},"6":{"start":{"line":36,"column":34},"end":{"line":36,"column":46}},"7":{"start":{"line":38,"column":25},"end":{"line":44,"column":2}},"8":{"start":{"line":39,"column":2},"end":{"line":43,"column":3}},"9":{"start":{"line":40,"column":3},"end":{"line":40,"column":28}},"10":{"start":{"line":42,"column":3},"end":{"line":42,"column":67}},"11":{"start":{"line":46,"column":25},"end":{"line":49,"column":2}},"12":{"start":{"line":47,"column":15},"end":{"line":47,"column":47}},"13":{"start":{"line":48,"column":2},"end":{"line":48,"column":21}},"14":{"start":{"line":51,"column":1},"end":{"line":53,"column":4}},"15":{"start":{"line":52,"column":2},"end":{"line":52,"column":36}},"16":{"start":{"line":55,"column":19},"end":{"line":58,"column":2}},"17":{"start":{"line":56,"column":2},"end":{"line":56,"column":19}},"18":{"start":{"line":57,"column":2},"end":{"line":57,"column":21}},"19":{"start":{"line":60,"column":1},"end":{"line":118,"column":3}},"20":{"start":{"line":91,"column":20},"end":{"line":91,"column":43}},"21":{"start":{"line":112,"column":20},"end":{"line":112,"column":35}},"22":{"start":{"line":121,"column":15},"end":{"line":176,"column":2}}},"fnMap":{"0":{"name":"(anonymous_0)","decl":{"start":{"line":23,"column":21},"end":{"line":23,"column":22}},"loc":{"start":{"line":23,"column":27},"end":{"line":119,"column":1}},"line":23},"1":{"name":"(anonymous_1)","decl":{"start":{"line":38,"column":25},"end":{"line":38,"column":26}},"loc":{"start":{"line":38,"column":34},"end":{"line":44,"column":2}},"line":38},"2":{"name":"(anonymous_2)","decl":{"start":{"line":46,"column":25},"end":{"line":46,"column":26}},"loc":{"start":{"line":46,"column":37},"end":{"line":49,"column":2}},"line":46},"3":{"name":"(anonymous_3)","decl":{"start":{"line":51,"column":11},"end":{"line":51,"column":12}},"loc":{"start":{"line":51,"column":17},"end":{"line":53,"column":2}},"line":51},"4":{"name":"(anonymous_4)","decl":{"start":{"line":55,"column":19},"end":{"line":55,"column":20}},"loc":{"start":{"line":55,"column":25},"end":{"line":58,"column":2}},"line":55},"5":{"name":"(anonymous_5)","decl":{"start":{"line":91,"column":14},"end":{"line":91,"column":15}},"loc":{"start":{"line":91,"column":20},"end":{"line":91,"column":43}},"line":91},"6":{"name":"(anonymous_6)","decl":{"start":{"line":112,"column":14},"end":{"line":112,"column":15}},"loc":{"start":{"line":112,"column":20},"end":{"line":112,"column":35}},"line":112}},"branchMap":{"0":{"loc":{"start":{"line":39,"column":2},"end":{"line":43,"column":3}},"type":"if","locations":[{"start":{"line":39,"column":2},"end":{"line":43,"column":3}},{"start":{"line":39,"column":2},"end":{"line":43,"column":3}}],"line":39},"1":{"loc":{"start":{"line":69,"column":6},"end":{"line":76,"column":13}},"type":"cond-expr","locations":[{"start":{"line":70,"column":6},"end":{"line":75,"column":8}},{"start":{"line":76,"column":9},"end":{"line":76,"column":13}}],"line":69},"2":{"loc":{"start":{"line":85,"column":15},"end":{"line":85,"column":36}},"type":"cond-expr","locations":[{"start":{"line":85,"column":24},"end":{"line":85,"column":29}},{"start":{"line":85,"column":32},"end":{"line":85,"column":36}}],"line":85},"3":{"loc":{"start":{"line":106,"column":15},"end":{"line":106,"column":36}},"type":"cond-expr","locations":[{"start":{"line":106,"column":24},"end":{"line":106,"column":29}},{"start":{"line":106,"column":32},"end":{"line":106,"column":36}}],"line":106}},"s":{"0":1,"1":0,"2":0,"3":0,"4":0,"5":0,"6":0,"7":0,"8":0,"9":0,"10":0,"11":0,"12":0,"13":0,"14":0,"15":0,"16":0,"17":0,"18":0,"19":0,"20":0,"21":0,"22":1},"f":{"0":0,"1":0,"2":0,"3":0,"4":0,"5":0,"6":0},"b":{"0":[0,0],"1":[0,0],"2":[0,0],"3":[0,0]},"_coverageSchema":"1a1c01bbd47fc00a2c39e90264f33305004495a9","hash":"8fcc838927026fd47469d0a390c0461db9b51d3b"}
,"C:\\Users\\Théo\\Documents\\binarytalk-native\\Binary-Talk\\src\\components\\toTextView\\index.js": {"path":"C:\\Users\\Théo\\Documents\\binarytalk-native\\Binary-Talk\\src\\components\\toTextView\\index.js","statementMap":{"0":{"start":{"line":23,"column":19},"end":{"line":136,"column":1}},"1":{"start":{"line":24,"column":1},"end":{"line":28,"column":3}},"2":{"start":{"line":30,"column":1},"end":{"line":30,"column":35}},"3":{"start":{"line":31,"column":1},"end":{"line":31,"column":23}},"4":{"start":{"line":33,"column":1},"end":{"line":33,"column":48}},"5":{"start":{"line":34,"column":31},"end":{"line":34,"column":52}},"6":{"start":{"line":35,"column":28},"end":{"line":35,"column":48}},"7":{"start":{"line":37,"column":25},"end":{"line":39,"column":2}},"8":{"start":{"line":38,"column":2},"end":{"line":38,"column":27}},"9":{"start":{"line":41,"column":19},"end":{"line":47,"column":2}},"10":{"start":{"line":42,"column":16},"end":{"line":42,"column":41}},"11":{"start":{"line":43,"column":2},"end":{"line":45,"column":3}},"12":{"start":{"line":44,"column":3},"end":{"line":44,"column":15}},"13":{"start":{"line":46,"column":2},"end":{"line":46,"column":15}},"14":{"start":{"line":49,"column":27},"end":{"line":55,"column":2}},"15":{"start":{"line":50,"column":2},"end":{"line":54,"column":3}},"16":{"start":{"line":51,"column":3},"end":{"line":51,"column":21}},"17":{"start":{"line":53,"column":3},"end":{"line":53,"column":73}},"18":{"start":{"line":57,"column":25},"end":{"line":64,"column":2}},"19":{"start":{"line":58,"column":15},"end":{"line":58,"column":47}},"20":{"start":{"line":59,"column":2},"end":{"line":63,"column":3}},"21":{"start":{"line":60,"column":3},"end":{"line":60,"column":22}},"22":{"start":{"line":62,"column":3},"end":{"line":62,"column":73}},"23":{"start":{"line":66,"column":1},"end":{"line":68,"column":4}},"24":{"start":{"line":67,"column":2},"end":{"line":67,"column":35}},"25":{"start":{"line":70,"column":19},"end":{"line":73,"column":2}},"26":{"start":{"line":71,"column":2},"end":{"line":71,"column":19}},"27":{"start":{"line":72,"column":2},"end":{"line":72,"column":18}},"28":{"start":{"line":75,"column":1},"end":{"line":135,"column":3}},"29":{"start":{"line":108,"column":20},"end":{"line":108,"column":40}},"30":{"start":{"line":129,"column":20},"end":{"line":129,"column":32}},"31":{"start":{"line":138,"column":15},"end":{"line":190,"column":2}}},"fnMap":{"0":{"name":"(anonymous_0)","decl":{"start":{"line":23,"column":19},"end":{"line":23,"column":20}},"loc":{"start":{"line":23,"column":25},"end":{"line":136,"column":1}},"line":23},"1":{"name":"(anonymous_1)","decl":{"start":{"line":37,"column":25},"end":{"line":37,"column":26}},"loc":{"start":{"line":37,"column":34},"end":{"line":39,"column":2}},"line":37},"2":{"name":"(anonymous_2)","decl":{"start":{"line":41,"column":19},"end":{"line":41,"column":20}},"loc":{"start":{"line":41,"column":28},"end":{"line":47,"column":2}},"line":41},"3":{"name":"(anonymous_3)","decl":{"start":{"line":49,"column":27},"end":{"line":49,"column":28}},"loc":{"start":{"line":49,"column":36},"end":{"line":55,"column":2}},"line":49},"4":{"name":"(anonymous_4)","decl":{"start":{"line":57,"column":25},"end":{"line":57,"column":26}},"loc":{"start":{"line":57,"column":37},"end":{"line":64,"column":2}},"line":57},"5":{"name":"(anonymous_5)","decl":{"start":{"line":66,"column":11},"end":{"line":66,"column":12}},"loc":{"start":{"line":66,"column":17},"end":{"line":68,"column":2}},"line":66},"6":{"name":"(anonymous_6)","decl":{"start":{"line":70,"column":19},"end":{"line":70,"column":20}},"loc":{"start":{"line":70,"column":25},"end":{"line":73,"column":2}},"line":70},"7":{"name":"(anonymous_7)","decl":{"start":{"line":108,"column":14},"end":{"line":108,"column":15}},"loc":{"start":{"line":108,"column":20},"end":{"line":108,"column":40}},"line":108},"8":{"name":"(anonymous_8)","decl":{"start":{"line":129,"column":14},"end":{"line":129,"column":15}},"loc":{"start":{"line":129,"column":20},"end":{"line":129,"column":32}},"line":129}},"branchMap":{"0":{"loc":{"start":{"line":43,"column":2},"end":{"line":45,"column":3}},"type":"if","locations":[{"start":{"line":43,"column":2},"end":{"line":45,"column":3}},{"start":{"line":43,"column":2},"end":{"line":45,"column":3}}],"line":43},"1":{"loc":{"start":{"line":50,"column":2},"end":{"line":54,"column":3}},"type":"if","locations":[{"start":{"line":50,"column":2},"end":{"line":54,"column":3}},{"start":{"line":50,"column":2},"end":{"line":54,"column":3}}],"line":50},"2":{"loc":{"start":{"line":59,"column":2},"end":{"line":63,"column":3}},"type":"if","locations":[{"start":{"line":59,"column":2},"end":{"line":63,"column":3}},{"start":{"line":59,"column":2},"end":{"line":63,"column":3}}],"line":59},"3":{"loc":{"start":{"line":86,"column":6},"end":{"line":93,"column":13}},"type":"cond-expr","locations":[{"start":{"line":87,"column":6},"end":{"line":92,"column":8}},{"start":{"line":93,"column":9},"end":{"line":93,"column":13}}],"line":86},"4":{"loc":{"start":{"line":102,"column":15},"end":{"line":102,"column":33}},"type":"cond-expr","locations":[{"start":{"line":102,"column":21},"end":{"line":102,"column":26}},{"start":{"line":102,"column":29},"end":{"line":102,"column":33}}],"line":102},"5":{"loc":{"start":{"line":123,"column":15},"end":{"line":123,"column":33}},"type":"cond-expr","locations":[{"start":{"line":123,"column":21},"end":{"line":123,"column":26}},{"start":{"line":123,"column":29},"end":{"line":123,"column":33}}],"line":123}},"s":{"0":0,"1":0,"2":0,"3":0,"4":0,"5":0,"6":0,"7":0,"8":0,"9":0,"10":0,"11":0,"12":0,"13":0,"14":0,"15":0,"16":0,"17":0,"18":0,"19":0,"20":0,"21":0,"22":0,"23":0,"24":0,"25":0,"26":0,"27":0,"28":0,"29":0,"30":0,"31":0},"f":{"0":0,"1":0,"2":0,"3":0,"4":0,"5":0,"6":0,"7":0,"8":0},"b":{"0":[0,0],"1":[0,0],"2":[0,0],"3":[0,0],"4":[0,0],"5":[0,0]}}
,"C:\\Users\\Théo\\Documents\\binarytalk-native\\Binary-Talk\\src\\navigation\\CustomDrawerContent.js": {"path":"C:\\Users\\Théo\\Documents\\binarytalk-native\\Binary-Talk\\src\\navigation\\CustomDrawerContent.js","statementMap":{"0":{"start":{"line":18,"column":23},"end":{"line":18,"column":36}},"1":{"start":{"line":19,"column":24},"end":{"line":19,"column":47}},"2":{"start":{"line":21,"column":28},"end":{"line":149,"column":1}},"3":{"start":{"line":22,"column":1},"end":{"line":26,"column":3}},"4":{"start":{"line":28,"column":1},"end":{"line":28,"column":35}},"5":{"start":{"line":29,"column":1},"end":{"line":29,"column":23}},"6":{"start":{"line":31,"column":41},"end":{"line":31,"column":56}},"7":{"start":{"line":32,"column":55},"end":{"line":32,"column":70}},"8":{"start":{"line":33,"column":33},"end":{"line":33,"column":48}},"9":{"start":{"line":35,"column":35},"end":{"line":35,"column":46}},"10":{"start":{"line":38,"column":2},"end":{"line":38,"column":47}},"11":{"start":{"line":40,"column":27},"end":{"line":40,"column":46}},"12":{"start":{"line":45,"column":2},"end":{"line":45,"column":18}},"13":{"start":{"line":50,"column":1},"end":{"line":53,"column":17}},"14":{"start":{"line":51,"column":16},"end":{"line":51,"column":25}},"15":{"start":{"line":52,"column":2},"end":{"line":52,"column":46}},"16":{"start":{"line":55,"column":21},"end":{"line":80,"column":2}},"17":{"start":{"line":56,"column":2},"end":{"line":79,"column":4}},"18":{"start":{"line":69,"column":23},"end":{"line":69,"column":57}},"19":{"start":{"line":82,"column":16},"end":{"line":109,"column":2}},"20":{"start":{"line":83,"column":2},"end":{"line":108,"column":4}},"21":{"start":{"line":98,"column":23},"end":{"line":98,"column":50}},"22":{"start":{"line":112,"column":2},"end":{"line":112,"column":33}},"23":{"start":{"line":115,"column":1},"end":{"line":148,"column":3}},"24":{"start":{"line":126,"column":20},"end":{"line":126,"column":41}},"25":{"start":{"line":134,"column":20},"end":{"line":134,"column":56}},"26":{"start":{"line":142,"column":20},"end":{"line":142,"column":48}},"27":{"start":{"line":151,"column":15},"end":{"line":215,"column":2}}},"fnMap":{"0":{"name":"(anonymous_0)","decl":{"start":{"line":21,"column":28},"end":{"line":21,"column":29}},"loc":{"start":{"line":21,"column":39},"end":{"line":149,"column":1}},"line":21},"1":{"name":"handleChangeTheme","decl":{"start":{"line":37,"column":10},"end":{"line":37,"column":27}},"loc":{"start":{"line":37,"column":38},"end":{"line":39,"column":2}},"line":37},"2":{"name":"changeTheme","decl":{"start":{"line":44,"column":10},"end":{"line":44,"column":21}},"loc":{"start":{"line":44,"column":25},"end":{"line":46,"column":2}},"line":44},"3":{"name":"(anonymous_3)","decl":{"start":{"line":50,"column":11},"end":{"line":50,"column":12}},"loc":{"start":{"line":50,"column":17},"end":{"line":53,"column":2}},"line":50},"4":{"name":"(anonymous_4)","decl":{"start":{"line":55,"column":21},"end":{"line":55,"column":22}},"loc":{"start":{"line":55,"column":43},"end":{"line":80,"column":2}},"line":55},"5":{"name":"(anonymous_5)","decl":{"start":{"line":69,"column":17},"end":{"line":69,"column":18}},"loc":{"start":{"line":69,"column":23},"end":{"line":69,"column":57}},"line":69},"6":{"name":"(anonymous_6)","decl":{"start":{"line":82,"column":16},"end":{"line":82,"column":17}},"loc":{"start":{"line":82,"column":38},"end":{"line":109,"column":2}},"line":82},"7":{"name":"(anonymous_7)","decl":{"start":{"line":98,"column":17},"end":{"line":98,"column":18}},"loc":{"start":{"line":98,"column":23},"end":{"line":98,"column":50}},"line":98},"8":{"name":"handleChange","decl":{"start":{"line":111,"column":10},"end":{"line":111,"column":22}},"loc":{"start":{"line":111,"column":25},"end":{"line":113,"column":2}},"line":111},"9":{"name":"(anonymous_9)","decl":{"start":{"line":126,"column":14},"end":{"line":126,"column":15}},"loc":{"start":{"line":126,"column":20},"end":{"line":126,"column":41}},"line":126},"10":{"name":"(anonymous_10)","decl":{"start":{"line":134,"column":14},"end":{"line":134,"column":15}},"loc":{"start":{"line":134,"column":20},"end":{"line":134,"column":56}},"line":134},"11":{"name":"(anonymous_11)","decl":{"start":{"line":142,"column":14},"end":{"line":142,"column":15}},"loc":{"start":{"line":142,"column":20},"end":{"line":142,"column":48}},"line":142}},"branchMap":{},"s":{"0":0,"1":0,"2":0,"3":0,"4":0,"5":0,"6":0,"7":0,"8":0,"9":0,"10":0,"11":0,"12":0,"13":0,"14":0,"15":0,"16":0,"17":0,"18":0,"19":0,"20":0,"21":0,"22":0,"23":0,"24":0,"25":0,"26":0,"27":0},"f":{"0":0,"1":0,"2":0,"3":0,"4":0,"5":0,"6":0,"7":0,"8":0,"9":0,"10":0,"11":0},"b":{}}
,"C:\\Users\\Théo\\Documents\\binarytalk-native\\Binary-Talk\\src\\navigation\\DrawerNavigator.js": {"path":"C:\\Users\\Théo\\Documents\\binarytalk-native\\Binary-Talk\\src\\navigation\\DrawerNavigator.js","statementMap":{"0":{"start":{"line":5,"column":15},"end":{"line":5,"column":38}},"1":{"start":{"line":9,"column":24},"end":{"line":17,"column":1}},"2":{"start":{"line":10,"column":1},"end":{"line":16,"column":3}},"3":{"start":{"line":12,"column":29},"end":{"line":12,"column":63}}},"fnMap":{"0":{"name":"(anonymous_0)","decl":{"start":{"line":9,"column":24},"end":{"line":9,"column":25}},"loc":{"start":{"line":9,"column":30},"end":{"line":17,"column":1}},"line":9},"1":{"name":"(anonymous_1)","decl":{"start":{"line":12,"column":18},"end":{"line":12,"column":19}},"loc":{"start":{"line":12,"column":29},"end":{"line":12,"column":63}},"line":12}},"branchMap":{},"s":{"0":0,"1":0,"2":0,"3":0},"f":{"0":0,"1":0},"b":{}}
,"C:\\Users\\Théo\\Documents\\binarytalk-native\\Binary-Talk\\src\\navigation\\MainStackNavigator.js": {"path":"C:\\Users\\Théo\\Documents\\binarytalk-native\\Binary-Talk\\src\\navigation\\MainStackNavigator.js","statementMap":{"0":{"start":{"line":10,"column":14},"end":{"line":10,"column":36}},"1":{"start":{"line":13,"column":1},"end":{"line":23,"column":3}},"2":{"start":{"line":16,"column":19},"end":{"line":16,"column":66}},"3":{"start":{"line":26,"column":27},"end":{"line":42,"column":1}},"4":{"start":{"line":27,"column":1},"end":{"line":41,"column":3}},"5":{"start":{"line":44,"column":15},"end":{"line":63,"column":2}}},"fnMap":{"0":{"name":"LogoTitle","decl":{"start":{"line":12,"column":9},"end":{"line":12,"column":18}},"loc":{"start":{"line":12,"column":31},"end":{"line":24,"column":1}},"line":12},"1":{"name":"(anonymous_1)","decl":{"start":{"line":16,"column":13},"end":{"line":16,"column":14}},"loc":{"start":{"line":16,"column":19},"end":{"line":16,"column":66}},"line":16},"2":{"name":"(anonymous_2)","decl":{"start":{"line":26,"column":27},"end":{"line":26,"column":28}},"loc":{"start":{"line":26,"column":54},"end":{"line":42,"column":1}},"line":26}},"branchMap":{},"s":{"0":0,"1":0,"2":0,"3":0,"4":0,"5":0},"f":{"0":0,"1":0,"2":0},"b":{}}
,"C:\\Users\\Théo\\Documents\\binarytalk-native\\Binary-Talk\\src\\navigation\\customTabNavigation.js": {"path":"C:\\Users\\Théo\\Documents\\binarytalk-native\\Binary-Talk\\src\\navigation\\customTabNavigation.js","statementMap":{"0":{"start":{"line":11,"column":12},"end":{"line":11,"column":43}},"1":{"start":{"line":13,"column":35},"end":{"line":51,"column":1}},"2":{"start":{"line":14,"column":1},"end":{"line":18,"column":3}},"3":{"start":{"line":20,"column":1},"end":{"line":20,"column":35}},"4":{"start":{"line":21,"column":1},"end":{"line":21,"column":23}},"5":{"start":{"line":31,"column":1},"end":{"line":50,"column":3}},"6":{"start":{"line":53,"column":15},"end":{"line":57,"column":2}}},"fnMap":{"0":{"name":"(anonymous_0)","decl":{"start":{"line":13,"column":35},"end":{"line":13,"column":36}},"loc":{"start":{"line":13,"column":46},"end":{"line":51,"column":1}},"line":13}},"branchMap":{},"s":{"0":0,"1":0,"2":0,"3":0,"4":0,"5":0,"6":0},"f":{"0":0},"b":{}}
,"C:\\Users\\Théo\\Documents\\binarytalk-native\\Binary-Talk\\src\\state\\reducers.js": {"path":"C:\\Users\\Théo\\Documents\\binarytalk-native\\Binary-Talk\\src\\state\\reducers.js","statementMap":{"0":{"start":{"line":1,"column":16},"end":{"line":11,"column":1}},"1":{"start":{"line":2,"column":1},"end":{"line":10,"column":2}},"2":{"start":{"line":4,"column":3},"end":{"line":7,"column":5}},"3":{"start":{"line":9,"column":3},"end":{"line":9,"column":16}}},"fnMap":{"0":{"name":"(anonymous_0)","decl":{"start":{"line":1,"column":16},"end":{"line":1,"column":17}},"loc":{"start":{"line":1,"column":35},"end":{"line":11,"column":1}},"line":1}},"branchMap":{"0":{"loc":{"start":{"line":2,"column":1},"end":{"line":10,"column":2}},"type":"switch","locations":[{"start":{"line":3,"column":2},"end":{"line":7,"column":5}},{"start":{"line":8,"column":2},"end":{"line":9,"column":16}}],"line":2}},"s":{"0":0,"1":0,"2":0,"3":0},"f":{"0":0},"b":{"0":[0,0]}}
,"C:\\Users\\Théo\\Documents\\binarytalk-native\\Binary-Talk\\src\\state\\store.js": {"path":"C:\\Users\\Théo\\Documents\\binarytalk-native\\Binary-Talk\\src\\state\\store.js","statementMap":{"0":{"start":{"line":4,"column":21},"end":{"line":6,"column":1}},"1":{"start":{"line":8,"column":14},"end":{"line":14,"column":1}},"2":{"start":{"line":9,"column":27},"end":{"line":9,"column":60}},"3":{"start":{"line":11,"column":1},"end":{"line":13,"column":3}},"4":{"start":{"line":16,"column":23},"end":{"line":16,"column":50}}},"fnMap":{"0":{"name":"(anonymous_0)","decl":{"start":{"line":8,"column":14},"end":{"line":8,"column":15}},"loc":{"start":{"line":8,"column":32},"end":{"line":14,"column":1}},"line":8}},"branchMap":{},"s":{"0":0,"1":0,"2":0,"3":0,"4":0},"f":{"0":0},"b":{}}
,"C:\\Users\\Théo\\Documents\\binarytalk-native\\Binary-Talk\\src\\theme\\themes.js": {"path":"C:\\Users\\Théo\\Documents\\binarytalk-native\\Binary-Talk\\src\\theme\\themes.js","statementMap":{"0":{"start":{"line":16,"column":30},"end":{"line":36,"column":1}},"1":{"start":{"line":38,"column":25},"end":{"line":58,"column":1}},"2":{"start":{"line":60,"column":26},"end":{"line":80,"column":1}}},"fnMap":{},"branchMap":{},"s":{"0":0,"1":0,"2":0},"f":{},"b":{}}
}
